[2019-12-01T15:18:56.944] [WARN] access - ::1 - - "GET / HTTP/1.1" 304 - "" "Mozilla/5.0 (Macintosh; Intel Mac OS X 10_15_1) AppleWebKit/605.1.15 (KHTML, like Gecko) Version/13.0.3 Safari/605.1.15"
[2019-12-01T15:18:56.957] [ERROR] access - ::1 - - "GET /starter-template.css HTTP/1.1" 404 159 "http://localhost:3000/" "Mozilla/5.0 (Macintosh; Intel Mac OS X 10_15_1) AppleWebKit/605.1.15 (KHTML, like Gecko) Version/13.0.3 Safari/605.1.15"
[2019-12-01T15:18:56.962] [ERROR] access - ::1 - - "GET /public/third_party/font-awesome/css/font-awesome.css HTTP/1.1" 404 191 "http://localhost:3000/" "Mozilla/5.0 (Macintosh; Intel Mac OS X 10_15_1) AppleWebKit/605.1.15 (KHTML, like Gecko) Version/13.0.3 Safari/605.1.15"
[2019-12-01T15:18:56.963] [ERROR] access - ::1 - - "GET /public/third_party/bootstrap/css/bootstrap.css HTTP/1.1" 404 185 "http://localhost:3000/" "Mozilla/5.0 (Macintosh; Intel Mac OS X 10_15_1) AppleWebKit/605.1.15 (KHTML, like Gecko) Version/13.0.3 Safari/605.1.15"
[2019-12-01T15:18:56.965] [ERROR] access - ::1 - - "GET /public/third_party/popper.js/popper.js HTTP/1.1" 404 177 "http://localhost:3000/" "Mozilla/5.0 (Macintosh; Intel Mac OS X 10_15_1) AppleWebKit/605.1.15 (KHTML, like Gecko) Version/13.0.3 Safari/605.1.15"
[2019-12-01T15:18:56.965] [ERROR] access - ::1 - - "GET /public/third_party/bootstrap/js/bootstrap.js HTTP/1.1" 404 183 "http://localhost:3000/" "Mozilla/5.0 (Macintosh; Intel Mac OS X 10_15_1) AppleWebKit/605.1.15 (KHTML, like Gecko) Version/13.0.3 Safari/605.1.15"
[2019-12-01T15:18:56.966] [ERROR] access - ::1 - - "GET /public/third_party/jquery/jquery.js HTTP/1.1" 404 174 "http://localhost:3000/" "Mozilla/5.0 (Macintosh; Intel Mac OS X 10_15_1) AppleWebKit/605.1.15 (KHTML, like Gecko) Version/13.0.3 Safari/605.1.15"
[2019-12-01T15:18:56.983] [ERROR] access - ::1 - - "GET /apple-touch-icon-precomposed.png HTTP/1.1" 404 171 "" "Safari/15608.3.10.1.4 CFNetwork/1120 Darwin/19.0.0 (x86_64)"
[2019-12-01T15:18:56.989] [ERROR] access - ::1 - - "GET /favicon.ico HTTP/1.1" 404 150 "http://localhost:3000/" "Mozilla/5.0 (Macintosh; Intel Mac OS X 10_15_1) AppleWebKit/605.1.15 (KHTML, like Gecko) Version/13.0.3 Safari/605.1.15"
[2019-12-01T15:18:56.993] [ERROR] access - ::1 - - "GET /apple-touch-icon.png HTTP/1.1" 404 159 "" "Safari/15608.3.10.1.4 CFNetwork/1120 Darwin/19.0.0 (x86_64)"
[2019-12-01T15:19:13.792] [INFO] access - ::1 - - "GET /search HTTP/1.1" 200 2829 "http://localhost:3000/" "Mozilla/5.0 (Macintosh; Intel Mac OS X 10_15_1) AppleWebKit/605.1.15 (KHTML, like Gecko) Version/13.0.3 Safari/605.1.15"
[2019-12-01T15:19:13.812] [ERROR] access - ::1 - - "GET /starter-template.css HTTP/1.1" 404 159 "http://localhost:3000/search" "Mozilla/5.0 (Macintosh; Intel Mac OS X 10_15_1) AppleWebKit/605.1.15 (KHTML, like Gecko) Version/13.0.3 Safari/605.1.15"
[2019-12-01T15:19:13.826] [ERROR] access - ::1 - - "GET /public/third_party/font-awesome/css/font-awesome.css HTTP/1.1" 404 191 "http://localhost:3000/search" "Mozilla/5.0 (Macintosh; Intel Mac OS X 10_15_1) AppleWebKit/605.1.15 (KHTML, like Gecko) Version/13.0.3 Safari/605.1.15"
[2019-12-01T15:19:13.827] [ERROR] access - ::1 - - "GET /public/third_party/bootstrap/css/bootstrap.css HTTP/1.1" 404 185 "http://localhost:3000/search" "Mozilla/5.0 (Macintosh; Intel Mac OS X 10_15_1) AppleWebKit/605.1.15 (KHTML, like Gecko) Version/13.0.3 Safari/605.1.15"
[2019-12-01T15:19:13.827] [ERROR] access - ::1 - - "GET /public/third_party/jquery/jquery.js HTTP/1.1" 404 174 "http://localhost:3000/search" "Mozilla/5.0 (Macintosh; Intel Mac OS X 10_15_1) AppleWebKit/605.1.15 (KHTML, like Gecko) Version/13.0.3 Safari/605.1.15"
[2019-12-01T15:19:13.827] [ERROR] access - ::1 - - "GET /public/third_party/popper.js/popper.js HTTP/1.1" 404 177 "http://localhost:3000/search" "Mozilla/5.0 (Macintosh; Intel Mac OS X 10_15_1) AppleWebKit/605.1.15 (KHTML, like Gecko) Version/13.0.3 Safari/605.1.15"
[2019-12-01T15:19:13.830] [ERROR] access - ::1 - - "GET /public/third_party/bootstrap/js/bootstrap.js HTTP/1.1" 404 183 "http://localhost:3000/search" "Mozilla/5.0 (Macintosh; Intel Mac OS X 10_15_1) AppleWebKit/605.1.15 (KHTML, like Gecko) Version/13.0.3 Safari/605.1.15"
[2019-12-01T15:19:13.869] [ERROR] access - ::1 - - "GET /favicon.ico HTTP/1.1" 404 150 "http://localhost:3000/search" "Mozilla/5.0 (Macintosh; Intel Mac OS X 10_15_1) AppleWebKit/605.1.15 (KHTML, like Gecko) Version/13.0.3 Safari/605.1.15"
[2019-12-01T15:19:15.085] [WARN] access - ::1 - - "GET /account HTTP/1.1" 302 72 "http://localhost:3000/search" "Mozilla/5.0 (Macintosh; Intel Mac OS X 10_15_1) AppleWebKit/605.1.15 (KHTML, like Gecko) Version/13.0.3 Safari/605.1.15"
[2019-12-01T15:19:15.091] [INFO] access - ::1 - - "GET /account/login HTTP/1.1" 200 2788 "http://localhost:3000/search" "Mozilla/5.0 (Macintosh; Intel Mac OS X 10_15_1) AppleWebKit/605.1.15 (KHTML, like Gecko) Version/13.0.3 Safari/605.1.15"
[2019-12-01T15:19:15.107] [ERROR] access - ::1 - - "GET /public/third_party/jquery/jquery.js HTTP/1.1" 404 174 "http://localhost:3000/account/login" "Mozilla/5.0 (Macintosh; Intel Mac OS X 10_15_1) AppleWebKit/605.1.15 (KHTML, like Gecko) Version/13.0.3 Safari/605.1.15"
[2019-12-01T15:19:15.107] [ERROR] access - ::1 - - "GET /public/third_party/bootstrap/css/bootstrap.css HTTP/1.1" 404 185 "http://localhost:3000/account/login" "Mozilla/5.0 (Macintosh; Intel Mac OS X 10_15_1) AppleWebKit/605.1.15 (KHTML, like Gecko) Version/13.0.3 Safari/605.1.15"
[2019-12-01T15:19:15.109] [ERROR] access - ::1 - - "GET /public/third_party/bootstrap/js/bootstrap.js HTTP/1.1" 404 183 "http://localhost:3000/account/login" "Mozilla/5.0 (Macintosh; Intel Mac OS X 10_15_1) AppleWebKit/605.1.15 (KHTML, like Gecko) Version/13.0.3 Safari/605.1.15"
[2019-12-01T15:19:15.111] [ERROR] access - ::1 - - "GET /public/third_party/popper.js/popper.js HTTP/1.1" 404 177 "http://localhost:3000/account/login" "Mozilla/5.0 (Macintosh; Intel Mac OS X 10_15_1) AppleWebKit/605.1.15 (KHTML, like Gecko) Version/13.0.3 Safari/605.1.15"
[2019-12-01T15:19:15.112] [ERROR] access - ::1 - - "GET /public/third_party/font-awesome/css/font-awesome.css HTTP/1.1" 404 191 "http://localhost:3000/account/login" "Mozilla/5.0 (Macintosh; Intel Mac OS X 10_15_1) AppleWebKit/605.1.15 (KHTML, like Gecko) Version/13.0.3 Safari/605.1.15"
[2019-12-01T15:19:15.125] [ERROR] access - ::1 - - "GET /favicon.ico HTTP/1.1" 404 150 "http://localhost:3000/account/login" "Mozilla/5.0 (Macintosh; Intel Mac OS X 10_15_1) AppleWebKit/605.1.15 (KHTML, like Gecko) Version/13.0.3 Safari/605.1.15"
[2019-12-01T15:19:17.349] [WARN] access - ::1 - - "GET / HTTP/1.1" 304 - "http://localhost:3000/account/login" "Mozilla/5.0 (Macintosh; Intel Mac OS X 10_15_1) AppleWebKit/605.1.15 (KHTML, like Gecko) Version/13.0.3 Safari/605.1.15"
[2019-12-01T15:19:17.373] [ERROR] access - ::1 - - "GET /starter-template.css HTTP/1.1" 404 159 "http://localhost:3000/" "Mozilla/5.0 (Macintosh; Intel Mac OS X 10_15_1) AppleWebKit/605.1.15 (KHTML, like Gecko) Version/13.0.3 Safari/605.1.15"
[2019-12-01T15:19:17.375] [ERROR] access - ::1 - - "GET /public/third_party/bootstrap/css/bootstrap.css HTTP/1.1" 404 185 "http://localhost:3000/" "Mozilla/5.0 (Macintosh; Intel Mac OS X 10_15_1) AppleWebKit/605.1.15 (KHTML, like Gecko) Version/13.0.3 Safari/605.1.15"
[2019-12-01T15:19:17.375] [ERROR] access - ::1 - - "GET /public/third_party/font-awesome/css/font-awesome.css HTTP/1.1" 404 191 "http://localhost:3000/" "Mozilla/5.0 (Macintosh; Intel Mac OS X 10_15_1) AppleWebKit/605.1.15 (KHTML, like Gecko) Version/13.0.3 Safari/605.1.15"
[2019-12-01T15:19:17.378] [ERROR] access - ::1 - - "GET /public/third_party/jquery/jquery.js HTTP/1.1" 404 174 "http://localhost:3000/" "Mozilla/5.0 (Macintosh; Intel Mac OS X 10_15_1) AppleWebKit/605.1.15 (KHTML, like Gecko) Version/13.0.3 Safari/605.1.15"
[2019-12-01T15:19:17.378] [ERROR] access - ::1 - - "GET /public/third_party/popper.js/popper.js HTTP/1.1" 404 177 "http://localhost:3000/" "Mozilla/5.0 (Macintosh; Intel Mac OS X 10_15_1) AppleWebKit/605.1.15 (KHTML, like Gecko) Version/13.0.3 Safari/605.1.15"
[2019-12-01T15:19:17.379] [ERROR] access - ::1 - - "GET /public/third_party/bootstrap/js/bootstrap.js HTTP/1.1" 404 183 "http://localhost:3000/" "Mozilla/5.0 (Macintosh; Intel Mac OS X 10_15_1) AppleWebKit/605.1.15 (KHTML, like Gecko) Version/13.0.3 Safari/605.1.15"
[2019-12-01T15:19:23.410] [WARN] access - ::1 - - "GET /account HTTP/1.1" 302 72 "http://localhost:3000/account/login" "Mozilla/5.0 (Macintosh; Intel Mac OS X 10_15_1) AppleWebKit/605.1.15 (KHTML, like Gecko) Version/13.0.3 Safari/605.1.15"
[2019-12-01T15:19:23.415] [ERROR] access - ::1 - - "GET /public/third_party/font-awesome/css/font-awesome.css HTTP/1.1" 404 191 "http://localhost:3000/account/login" "Mozilla/5.0 (Macintosh; Intel Mac OS X 10_15_1) AppleWebKit/605.1.15 (KHTML, like Gecko) Version/13.0.3 Safari/605.1.15"
[2019-12-01T15:19:23.415] [ERROR] access - ::1 - - "GET /public/third_party/bootstrap/css/bootstrap.css HTTP/1.1" 404 185 "http://localhost:3000/account/login" "Mozilla/5.0 (Macintosh; Intel Mac OS X 10_15_1) AppleWebKit/605.1.15 (KHTML, like Gecko) Version/13.0.3 Safari/605.1.15"
[2019-12-01T15:19:23.417] [INFO] access - ::1 - - "GET /account/login HTTP/1.1" 200 2788 "http://localhost:3000/account/login" "Mozilla/5.0 (Macintosh; Intel Mac OS X 10_15_1) AppleWebKit/605.1.15 (KHTML, like Gecko) Version/13.0.3 Safari/605.1.15"
[2019-12-01T15:19:23.417] [ERROR] access - ::1 - - "GET /public/third_party/popper.js/popper.js HTTP/1.1" 404 177 "http://localhost:3000/account/login" "Mozilla/5.0 (Macintosh; Intel Mac OS X 10_15_1) AppleWebKit/605.1.15 (KHTML, like Gecko) Version/13.0.3 Safari/605.1.15"
[2019-12-01T15:19:23.418] [ERROR] access - ::1 - - "GET /public/third_party/jquery/jquery.js HTTP/1.1" 404 174 "http://localhost:3000/account/login" "Mozilla/5.0 (Macintosh; Intel Mac OS X 10_15_1) AppleWebKit/605.1.15 (KHTML, like Gecko) Version/13.0.3 Safari/605.1.15"
[2019-12-01T15:19:23.418] [ERROR] access - ::1 - - "GET /public/third_party/bootstrap/js/bootstrap.js HTTP/1.1" 404 183 "http://localhost:3000/account/login" "Mozilla/5.0 (Macintosh; Intel Mac OS X 10_15_1) AppleWebKit/605.1.15 (KHTML, like Gecko) Version/13.0.3 Safari/605.1.15"
[2019-12-01T15:19:29.237] [WARN] access - ::1 - - "GET /search HTTP/1.1" 304 - "http://localhost:3000/account/login" "Mozilla/5.0 (Macintosh; Intel Mac OS X 10_15_1) AppleWebKit/605.1.15 (KHTML, like Gecko) Version/13.0.3 Safari/605.1.15"
[2019-12-01T15:19:29.250] [ERROR] access - ::1 - - "GET /starter-template.css HTTP/1.1" 404 159 "http://localhost:3000/search" "Mozilla/5.0 (Macintosh; Intel Mac OS X 10_15_1) AppleWebKit/605.1.15 (KHTML, like Gecko) Version/13.0.3 Safari/605.1.15"
[2019-12-01T15:19:29.259] [ERROR] access - undefined - - "GET /public/third_party/font-awesome/css/font-awesome.css HTTP/1.1" 404 191 "http://localhost:3000/search" "Mozilla/5.0 (Macintosh; Intel Mac OS X 10_15_1) AppleWebKit/605.1.15 (KHTML, like Gecko) Version/13.0.3 Safari/605.1.15"
[2019-12-01T15:19:29.261] [ERROR] access - ::1 - - "GET /public/third_party/bootstrap/css/bootstrap.css HTTP/1.1" 404 185 "http://localhost:3000/search" "Mozilla/5.0 (Macintosh; Intel Mac OS X 10_15_1) AppleWebKit/605.1.15 (KHTML, like Gecko) Version/13.0.3 Safari/605.1.15"
[2019-12-01T15:19:29.263] [ERROR] access - ::1 - - "GET /public/third_party/popper.js/popper.js HTTP/1.1" 404 177 "http://localhost:3000/search" "Mozilla/5.0 (Macintosh; Intel Mac OS X 10_15_1) AppleWebKit/605.1.15 (KHTML, like Gecko) Version/13.0.3 Safari/605.1.15"
[2019-12-01T15:19:29.264] [ERROR] access - ::1 - - "GET /public/third_party/jquery/jquery.js HTTP/1.1" 404 174 "http://localhost:3000/search" "Mozilla/5.0 (Macintosh; Intel Mac OS X 10_15_1) AppleWebKit/605.1.15 (KHTML, like Gecko) Version/13.0.3 Safari/605.1.15"
[2019-12-01T15:19:29.265] [ERROR] access - ::1 - - "GET /public/third_party/bootstrap/js/bootstrap.js HTTP/1.1" 404 183 "http://localhost:3000/search" "Mozilla/5.0 (Macintosh; Intel Mac OS X 10_15_1) AppleWebKit/605.1.15 (KHTML, like Gecko) Version/13.0.3 Safari/605.1.15"
[2019-12-01T15:19:44.118] [WARN] access - ::1 - - "GET /account HTTP/1.1" 302 72 "http://localhost:3000/search" "Mozilla/5.0 (Macintosh; Intel Mac OS X 10_15_1) AppleWebKit/605.1.15 (KHTML, like Gecko) Version/13.0.3 Safari/605.1.15"
[2019-12-01T15:19:44.123] [ERROR] access - ::1 - - "GET /public/third_party/bootstrap/css/bootstrap.css HTTP/1.1" 404 185 "http://localhost:3000/account/login" "Mozilla/5.0 (Macintosh; Intel Mac OS X 10_15_1) AppleWebKit/605.1.15 (KHTML, like Gecko) Version/13.0.3 Safari/605.1.15"
[2019-12-01T15:19:44.124] [ERROR] access - ::1 - - "GET /public/third_party/font-awesome/css/font-awesome.css HTTP/1.1" 404 191 "http://localhost:3000/account/login" "Mozilla/5.0 (Macintosh; Intel Mac OS X 10_15_1) AppleWebKit/605.1.15 (KHTML, like Gecko) Version/13.0.3 Safari/605.1.15"
[2019-12-01T15:19:44.124] [ERROR] access - ::1 - - "GET /public/third_party/popper.js/popper.js HTTP/1.1" 404 177 "http://localhost:3000/account/login" "Mozilla/5.0 (Macintosh; Intel Mac OS X 10_15_1) AppleWebKit/605.1.15 (KHTML, like Gecko) Version/13.0.3 Safari/605.1.15"
[2019-12-01T15:19:44.124] [ERROR] access - ::1 - - "GET /public/third_party/jquery/jquery.js HTTP/1.1" 404 174 "http://localhost:3000/account/login" "Mozilla/5.0 (Macintosh; Intel Mac OS X 10_15_1) AppleWebKit/605.1.15 (KHTML, like Gecko) Version/13.0.3 Safari/605.1.15"
[2019-12-01T15:19:44.124] [ERROR] access - ::1 - - "GET /public/third_party/bootstrap/js/bootstrap.js HTTP/1.1" 404 183 "http://localhost:3000/account/login" "Mozilla/5.0 (Macintosh; Intel Mac OS X 10_15_1) AppleWebKit/605.1.15 (KHTML, like Gecko) Version/13.0.3 Safari/605.1.15"
[2019-12-01T15:19:44.124] [INFO] access - ::1 - - "GET /account/login HTTP/1.1" 200 2788 "http://localhost:3000/search" "Mozilla/5.0 (Macintosh; Intel Mac OS X 10_15_1) AppleWebKit/605.1.15 (KHTML, like Gecko) Version/13.0.3 Safari/605.1.15"
[2019-12-01T15:20:02.505] [WARN] access - ::1 - - "POST /account/login HTTP/1.1" 302 72 "http://localhost:3000/account/login" "Mozilla/5.0 (Macintosh; Intel Mac OS X 10_15_1) AppleWebKit/605.1.15 (KHTML, like Gecko) Version/13.0.3 Safari/605.1.15"
[2019-12-01T15:20:02.510] [INFO] access - ::1 - - "GET /account/login HTTP/1.1" 200 2904 "http://localhost:3000/account/login" "Mozilla/5.0 (Macintosh; Intel Mac OS X 10_15_1) AppleWebKit/605.1.15 (KHTML, like Gecko) Version/13.0.3 Safari/605.1.15"
[2019-12-01T15:20:02.521] [ERROR] access - ::1 - - "GET /public/third_party/bootstrap/css/bootstrap.css HTTP/1.1" 404 185 "http://localhost:3000/account/login" "Mozilla/5.0 (Macintosh; Intel Mac OS X 10_15_1) AppleWebKit/605.1.15 (KHTML, like Gecko) Version/13.0.3 Safari/605.1.15"
[2019-12-01T15:20:02.529] [ERROR] access - ::1 - - "GET /public/third_party/jquery/jquery.js HTTP/1.1" 404 174 "http://localhost:3000/account/login" "Mozilla/5.0 (Macintosh; Intel Mac OS X 10_15_1) AppleWebKit/605.1.15 (KHTML, like Gecko) Version/13.0.3 Safari/605.1.15"
[2019-12-01T15:20:02.530] [ERROR] access - ::1 - - "GET /public/third_party/font-awesome/css/font-awesome.css HTTP/1.1" 404 191 "http://localhost:3000/account/login" "Mozilla/5.0 (Macintosh; Intel Mac OS X 10_15_1) AppleWebKit/605.1.15 (KHTML, like Gecko) Version/13.0.3 Safari/605.1.15"
[2019-12-01T15:20:02.530] [ERROR] access - ::1 - - "GET /public/third_party/popper.js/popper.js HTTP/1.1" 404 177 "http://localhost:3000/account/login" "Mozilla/5.0 (Macintosh; Intel Mac OS X 10_15_1) AppleWebKit/605.1.15 (KHTML, like Gecko) Version/13.0.3 Safari/605.1.15"
[2019-12-01T15:20:02.530] [ERROR] access - ::1 - - "GET /public/third_party/bootstrap/js/bootstrap.js HTTP/1.1" 404 183 "http://localhost:3000/account/login" "Mozilla/5.0 (Macintosh; Intel Mac OS X 10_15_1) AppleWebKit/605.1.15 (KHTML, like Gecko) Version/13.0.3 Safari/605.1.15"
[2019-12-01T15:20:16.585] [INFO] access - ::1 - - "GET / HTTP/1.1" 200 1882 "" "Mozilla/5.0 (Macintosh; Intel Mac OS X 10_15_1) AppleWebKit/537.36 (KHTML, like Gecko) Chrome/78.0.3904.108 Safari/537.36"
[2019-12-01T15:20:16.616] [ERROR] access - ::1 - - "GET /public/third_party/bootstrap/css/bootstrap.css HTTP/1.1" 404 185 "http://localhost:3000/" "Mozilla/5.0 (Macintosh; Intel Mac OS X 10_15_1) AppleWebKit/537.36 (KHTML, like Gecko) Chrome/78.0.3904.108 Safari/537.36"
[2019-12-01T15:20:16.622] [ERROR] access - ::1 - - "GET /starter-template.css HTTP/1.1" 404 159 "http://localhost:3000/" "Mozilla/5.0 (Macintosh; Intel Mac OS X 10_15_1) AppleWebKit/537.36 (KHTML, like Gecko) Chrome/78.0.3904.108 Safari/537.36"
[2019-12-01T15:20:16.623] [ERROR] access - ::1 - - "GET /public/third_party/font-awesome/css/font-awesome.css HTTP/1.1" 404 191 "http://localhost:3000/" "Mozilla/5.0 (Macintosh; Intel Mac OS X 10_15_1) AppleWebKit/537.36 (KHTML, like Gecko) Chrome/78.0.3904.108 Safari/537.36"
[2019-12-01T15:20:16.626] [ERROR] access - ::1 - - "GET /public/third_party/jquery/jquery.js HTTP/1.1" 404 174 "http://localhost:3000/" "Mozilla/5.0 (Macintosh; Intel Mac OS X 10_15_1) AppleWebKit/537.36 (KHTML, like Gecko) Chrome/78.0.3904.108 Safari/537.36"
[2019-12-01T15:20:16.626] [ERROR] access - ::1 - - "GET /public/third_party/popper.js/popper.js HTTP/1.1" 404 177 "http://localhost:3000/" "Mozilla/5.0 (Macintosh; Intel Mac OS X 10_15_1) AppleWebKit/537.36 (KHTML, like Gecko) Chrome/78.0.3904.108 Safari/537.36"
[2019-12-01T15:20:16.627] [ERROR] access - ::1 - - "GET /public/third_party/bootstrap/js/bootstrap.js HTTP/1.1" 404 183 "http://localhost:3000/" "Mozilla/5.0 (Macintosh; Intel Mac OS X 10_15_1) AppleWebKit/537.36 (KHTML, like Gecko) Chrome/78.0.3904.108 Safari/537.36"
[2019-12-01T15:20:20.102] [WARN] access - ::1 - - "GET /account HTTP/1.1" 302 72 "http://localhost:3000/" "Mozilla/5.0 (Macintosh; Intel Mac OS X 10_15_1) AppleWebKit/537.36 (KHTML, like Gecko) Chrome/78.0.3904.108 Safari/537.36"
[2019-12-01T15:20:20.108] [INFO] access - ::1 - - "GET /account/login HTTP/1.1" 200 2788 "http://localhost:3000/" "Mozilla/5.0 (Macintosh; Intel Mac OS X 10_15_1) AppleWebKit/537.36 (KHTML, like Gecko) Chrome/78.0.3904.108 Safari/537.36"
[2019-12-01T15:20:20.170] [ERROR] access - ::1 - - "GET /public/third_party/bootstrap/css/bootstrap.css HTTP/1.1" 404 185 "http://localhost:3000/account/login" "Mozilla/5.0 (Macintosh; Intel Mac OS X 10_15_1) AppleWebKit/537.36 (KHTML, like Gecko) Chrome/78.0.3904.108 Safari/537.36"
[2019-12-01T15:20:20.171] [ERROR] access - ::1 - - "GET /public/third_party/font-awesome/css/font-awesome.css HTTP/1.1" 404 191 "http://localhost:3000/account/login" "Mozilla/5.0 (Macintosh; Intel Mac OS X 10_15_1) AppleWebKit/537.36 (KHTML, like Gecko) Chrome/78.0.3904.108 Safari/537.36"
[2019-12-01T15:20:20.171] [ERROR] access - ::1 - - "GET /public/third_party/jquery/jquery.js HTTP/1.1" 404 174 "http://localhost:3000/account/login" "Mozilla/5.0 (Macintosh; Intel Mac OS X 10_15_1) AppleWebKit/537.36 (KHTML, like Gecko) Chrome/78.0.3904.108 Safari/537.36"
[2019-12-01T15:20:20.171] [ERROR] access - ::1 - - "GET /public/third_party/popper.js/popper.js HTTP/1.1" 404 177 "http://localhost:3000/account/login" "Mozilla/5.0 (Macintosh; Intel Mac OS X 10_15_1) AppleWebKit/537.36 (KHTML, like Gecko) Chrome/78.0.3904.108 Safari/537.36"
[2019-12-01T15:20:20.172] [ERROR] access - ::1 - - "GET /public/third_party/bootstrap/js/bootstrap.js HTTP/1.1" 404 183 "http://localhost:3000/account/login" "Mozilla/5.0 (Macintosh; Intel Mac OS X 10_15_1) AppleWebKit/537.36 (KHTML, like Gecko) Chrome/78.0.3904.108 Safari/537.36"
[2019-12-01T15:20:27.258] [WARN] access - ::1 - - "POST /account/login HTTP/1.1" 302 72 "http://localhost:3000/account/login" "Mozilla/5.0 (Macintosh; Intel Mac OS X 10_15_1) AppleWebKit/537.36 (KHTML, like Gecko) Chrome/78.0.3904.108 Safari/537.36"
[2019-12-01T15:20:27.264] [INFO] access - ::1 - - "GET /account/login HTTP/1.1" 200 2904 "http://localhost:3000/account/login" "Mozilla/5.0 (Macintosh; Intel Mac OS X 10_15_1) AppleWebKit/537.36 (KHTML, like Gecko) Chrome/78.0.3904.108 Safari/537.36"
[2019-12-01T15:20:27.357] [ERROR] access - ::1 - - "GET /public/third_party/bootstrap/css/bootstrap.css HTTP/1.1" 404 185 "http://localhost:3000/account/login" "Mozilla/5.0 (Macintosh; Intel Mac OS X 10_15_1) AppleWebKit/537.36 (KHTML, like Gecko) Chrome/78.0.3904.108 Safari/537.36"
[2019-12-01T15:20:27.358] [ERROR] access - ::1 - - "GET /public/third_party/font-awesome/css/font-awesome.css HTTP/1.1" 404 191 "http://localhost:3000/account/login" "Mozilla/5.0 (Macintosh; Intel Mac OS X 10_15_1) AppleWebKit/537.36 (KHTML, like Gecko) Chrome/78.0.3904.108 Safari/537.36"
[2019-12-01T15:20:27.360] [ERROR] access - ::1 - - "GET /public/third_party/jquery/jquery.js HTTP/1.1" 404 174 "http://localhost:3000/account/login" "Mozilla/5.0 (Macintosh; Intel Mac OS X 10_15_1) AppleWebKit/537.36 (KHTML, like Gecko) Chrome/78.0.3904.108 Safari/537.36"
[2019-12-01T15:20:27.360] [ERROR] access - ::1 - - "GET /public/third_party/popper.js/popper.js HTTP/1.1" 404 177 "http://localhost:3000/account/login" "Mozilla/5.0 (Macintosh; Intel Mac OS X 10_15_1) AppleWebKit/537.36 (KHTML, like Gecko) Chrome/78.0.3904.108 Safari/537.36"
[2019-12-01T15:20:27.360] [ERROR] access - ::1 - - "GET /public/third_party/bootstrap/js/bootstrap.js HTTP/1.1" 404 183 "http://localhost:3000/account/login" "Mozilla/5.0 (Macintosh; Intel Mac OS X 10_15_1) AppleWebKit/537.36 (KHTML, like Gecko) Chrome/78.0.3904.108 Safari/537.36"
[2019-12-01T15:20:34.721] [WARN] access - ::1 - - "POST /account/login HTTP/1.1" 302 72 "http://localhost:3000/account/login" "Mozilla/5.0 (Macintosh; Intel Mac OS X 10_15_1) AppleWebKit/537.36 (KHTML, like Gecko) Chrome/78.0.3904.108 Safari/537.36"
[2019-12-01T15:20:34.731] [INFO] access - ::1 - - "GET /account/login HTTP/1.1" 200 2904 "http://localhost:3000/account/login" "Mozilla/5.0 (Macintosh; Intel Mac OS X 10_15_1) AppleWebKit/537.36 (KHTML, like Gecko) Chrome/78.0.3904.108 Safari/537.36"
[2019-12-01T15:20:34.819] [ERROR] access - ::1 - - "GET /public/third_party/font-awesome/css/font-awesome.css HTTP/1.1" 404 191 "http://localhost:3000/account/login" "Mozilla/5.0 (Macintosh; Intel Mac OS X 10_15_1) AppleWebKit/537.36 (KHTML, like Gecko) Chrome/78.0.3904.108 Safari/537.36"
[2019-12-01T15:20:34.819] [ERROR] access - ::1 - - "GET /public/third_party/jquery/jquery.js HTTP/1.1" 404 174 "http://localhost:3000/account/login" "Mozilla/5.0 (Macintosh; Intel Mac OS X 10_15_1) AppleWebKit/537.36 (KHTML, like Gecko) Chrome/78.0.3904.108 Safari/537.36"
[2019-12-01T15:20:34.820] [ERROR] access - ::1 - - "GET /public/third_party/bootstrap/css/bootstrap.css HTTP/1.1" 404 185 "http://localhost:3000/account/login" "Mozilla/5.0 (Macintosh; Intel Mac OS X 10_15_1) AppleWebKit/537.36 (KHTML, like Gecko) Chrome/78.0.3904.108 Safari/537.36"
[2019-12-01T15:20:34.820] [ERROR] access - ::1 - - "GET /public/third_party/popper.js/popper.js HTTP/1.1" 404 177 "http://localhost:3000/account/login" "Mozilla/5.0 (Macintosh; Intel Mac OS X 10_15_1) AppleWebKit/537.36 (KHTML, like Gecko) Chrome/78.0.3904.108 Safari/537.36"
[2019-12-01T15:20:34.821] [ERROR] access - ::1 - - "GET /public/third_party/bootstrap/js/bootstrap.js HTTP/1.1" 404 183 "http://localhost:3000/account/login" "Mozilla/5.0 (Macintosh; Intel Mac OS X 10_15_1) AppleWebKit/537.36 (KHTML, like Gecko) Chrome/78.0.3904.108 Safari/537.36"
[2019-12-01T15:20:34.873] [ERROR] access - ::1 - - "GET /public/third_party/popper.js/popper.js HTTP/1.1" 404 177 "http://localhost:3000/account/login" "Mozilla/5.0 (Macintosh; Intel Mac OS X 10_15_1) AppleWebKit/537.36 (KHTML, like Gecko) Chrome/78.0.3904.108 Safari/537.36"
[2019-12-01T15:20:34.881] [ERROR] access - ::1 - - "GET /public/third_party/bootstrap/js/bootstrap.js HTTP/1.1" 404 183 "http://localhost:3000/account/login" "Mozilla/5.0 (Macintosh; Intel Mac OS X 10_15_1) AppleWebKit/537.36 (KHTML, like Gecko) Chrome/78.0.3904.108 Safari/537.36"
[2019-12-01T15:21:28.062] [WARN] access - ::1 - - "POST /account/login HTTP/1.1" 302 62 "http://localhost:3000/account/login" "Mozilla/5.0 (Macintosh; Intel Mac OS X 10_15_1) AppleWebKit/537.36 (KHTML, like Gecko) Chrome/78.0.3904.108 Safari/537.36"
[2019-12-01T15:21:28.076] [INFO] access - ::1 - - "GET /account/ HTTP/1.1" 200 2264 "http://localhost:3000/account/login" "Mozilla/5.0 (Macintosh; Intel Mac OS X 10_15_1) AppleWebKit/537.36 (KHTML, like Gecko) Chrome/78.0.3904.108 Safari/537.36"
[2019-12-01T15:21:28.183] [ERROR] access - ::1 - - "GET /public/third_party/bootstrap/js/bootstrap.js HTTP/1.1" 404 183 "http://localhost:3000/account/" "Mozilla/5.0 (Macintosh; Intel Mac OS X 10_15_1) AppleWebKit/537.36 (KHTML, like Gecko) Chrome/78.0.3904.108 Safari/537.36"
[2019-12-01T15:21:28.184] [ERROR] access - ::1 - - "GET /public/third_party/font-awesome/css/font-awesome.css HTTP/1.1" 404 191 "http://localhost:3000/account/" "Mozilla/5.0 (Macintosh; Intel Mac OS X 10_15_1) AppleWebKit/537.36 (KHTML, like Gecko) Chrome/78.0.3904.108 Safari/537.36"
[2019-12-01T15:21:28.184] [ERROR] access - ::1 - - "GET /public/third_party/bootstrap/css/bootstrap.css HTTP/1.1" 404 185 "http://localhost:3000/account/" "Mozilla/5.0 (Macintosh; Intel Mac OS X 10_15_1) AppleWebKit/537.36 (KHTML, like Gecko) Chrome/78.0.3904.108 Safari/537.36"
[2019-12-01T15:21:28.184] [ERROR] access - ::1 - - "GET /public/third_party/jquery/jquery.js HTTP/1.1" 404 174 "http://localhost:3000/account/" "Mozilla/5.0 (Macintosh; Intel Mac OS X 10_15_1) AppleWebKit/537.36 (KHTML, like Gecko) Chrome/78.0.3904.108 Safari/537.36"
[2019-12-01T15:21:28.184] [ERROR] access - ::1 - - "GET /public/third_party/popper.js/popper.js HTTP/1.1" 404 177 "http://localhost:3000/account/" "Mozilla/5.0 (Macintosh; Intel Mac OS X 10_15_1) AppleWebKit/537.36 (KHTML, like Gecko) Chrome/78.0.3904.108 Safari/537.36"
[2019-12-01T15:21:28.217] [ERROR] access - ::1 - - "GET /public/third_party/bootstrap/js/bootstrap.js HTTP/1.1" 404 183 "http://localhost:3000/account/" "Mozilla/5.0 (Macintosh; Intel Mac OS X 10_15_1) AppleWebKit/537.36 (KHTML, like Gecko) Chrome/78.0.3904.108 Safari/537.36"
[2019-12-01T15:21:33.754] [INFO] access - ::1 - - "GET /account/posts/regist HTTP/1.1" 200 3628 "http://localhost:3000/account/" "Mozilla/5.0 (Macintosh; Intel Mac OS X 10_15_1) AppleWebKit/537.36 (KHTML, like Gecko) Chrome/78.0.3904.108 Safari/537.36"
[2019-12-01T15:21:33.841] [ERROR] access - undefined - - "GET /public/third_party/popper.js/popper.js HTTP/1.1" 404 177 "http://localhost:3000/account/posts/regist" "Mozilla/5.0 (Macintosh; Intel Mac OS X 10_15_1) AppleWebKit/537.36 (KHTML, like Gecko) Chrome/78.0.3904.108 Safari/537.36"
[2019-12-01T15:21:33.843] [ERROR] access - ::1 - - "GET /public/javascripts/account/posts/regist.js HTTP/1.1" 404 181 "http://localhost:3000/account/posts/regist" "Mozilla/5.0 (Macintosh; Intel Mac OS X 10_15_1) AppleWebKit/537.36 (KHTML, like Gecko) Chrome/78.0.3904.108 Safari/537.36"
[2019-12-01T15:21:33.843] [ERROR] access - ::1 - - "GET /public/third_party/font-awesome/css/font-awesome.css HTTP/1.1" 404 191 "http://localhost:3000/account/posts/regist" "Mozilla/5.0 (Macintosh; Intel Mac OS X 10_15_1) AppleWebKit/537.36 (KHTML, like Gecko) Chrome/78.0.3904.108 Safari/537.36"
[2019-12-01T15:21:33.843] [ERROR] access - ::1 - - "GET /public/third_party/jquery/jquery.js HTTP/1.1" 404 174 "http://localhost:3000/account/posts/regist" "Mozilla/5.0 (Macintosh; Intel Mac OS X 10_15_1) AppleWebKit/537.36 (KHTML, like Gecko) Chrome/78.0.3904.108 Safari/537.36"
[2019-12-01T15:21:33.844] [ERROR] access - ::1 - - "GET /public/third_party/bootstrap/js/bootstrap.js HTTP/1.1" 404 183 "http://localhost:3000/account/posts/regist" "Mozilla/5.0 (Macintosh; Intel Mac OS X 10_15_1) AppleWebKit/537.36 (KHTML, like Gecko) Chrome/78.0.3904.108 Safari/537.36"
[2019-12-01T15:21:33.844] [ERROR] access - ::1 - - "GET /public/third_party/bootstrap/css/bootstrap.css HTTP/1.1" 404 185 "http://localhost:3000/account/posts/regist" "Mozilla/5.0 (Macintosh; Intel Mac OS X 10_15_1) AppleWebKit/537.36 (KHTML, like Gecko) Chrome/78.0.3904.108 Safari/537.36"
[2019-12-01T15:21:33.862] [ERROR] access - ::1 - - "GET /public/third_party/popper.js/popper.js HTTP/1.1" 404 177 "http://localhost:3000/account/posts/regist" "Mozilla/5.0 (Macintosh; Intel Mac OS X 10_15_1) AppleWebKit/537.36 (KHTML, like Gecko) Chrome/78.0.3904.108 Safari/537.36"
[2019-12-01T15:21:33.878] [ERROR] access - ::1 - - "GET /public/third_party/bootstrap/js/bootstrap.js HTTP/1.1" 404 183 "http://localhost:3000/account/posts/regist" "Mozilla/5.0 (Macintosh; Intel Mac OS X 10_15_1) AppleWebKit/537.36 (KHTML, like Gecko) Chrome/78.0.3904.108 Safari/537.36"
[2019-12-01T15:21:33.891] [ERROR] access - ::1 - - "GET /public/javascripts/account/posts/regist.js HTTP/1.1" 404 181 "http://localhost:3000/account/posts/regist" "Mozilla/5.0 (Macintosh; Intel Mac OS X 10_15_1) AppleWebKit/537.36 (KHTML, like Gecko) Chrome/78.0.3904.108 Safari/537.36"
[2019-12-01T15:25:45.949] [WARN] access - ::1 - - "GET /account/posts/regist HTTP/1.1" 302 72 "http://localhost:3000/account/" "Mozilla/5.0 (Macintosh; Intel Mac OS X 10_15_1) AppleWebKit/537.36 (KHTML, like Gecko) Chrome/78.0.3904.108 Safari/537.36"
[2019-12-01T15:25:45.964] [INFO] access - ::1 - - "GET /account/login HTTP/1.1" 200 2788 "http://localhost:3000/account/" "Mozilla/5.0 (Macintosh; Intel Mac OS X 10_15_1) AppleWebKit/537.36 (KHTML, like Gecko) Chrome/78.0.3904.108 Safari/537.36"
[2019-12-01T15:25:46.030] [ERROR] access - ::1 - - "GET /public/third_party/bootstrap/css/bootstrap.css HTTP/1.1" 404 185 "http://localhost:3000/account/login" "Mozilla/5.0 (Macintosh; Intel Mac OS X 10_15_1) AppleWebKit/537.36 (KHTML, like Gecko) Chrome/78.0.3904.108 Safari/537.36"
[2019-12-01T15:25:46.033] [ERROR] access - ::1 - - "GET /public/third_party/font-awesome/css/font-awesome.css HTTP/1.1" 404 191 "http://localhost:3000/account/login" "Mozilla/5.0 (Macintosh; Intel Mac OS X 10_15_1) AppleWebKit/537.36 (KHTML, like Gecko) Chrome/78.0.3904.108 Safari/537.36"
[2019-12-01T15:25:46.035] [ERROR] access - ::1 - - "GET /public/third_party/jquery/jquery.js HTTP/1.1" 404 174 "http://localhost:3000/account/login" "Mozilla/5.0 (Macintosh; Intel Mac OS X 10_15_1) AppleWebKit/537.36 (KHTML, like Gecko) Chrome/78.0.3904.108 Safari/537.36"
[2019-12-01T15:25:46.035] [ERROR] access - ::1 - - "GET /public/third_party/popper.js/popper.js HTTP/1.1" 404 177 "http://localhost:3000/account/login" "Mozilla/5.0 (Macintosh; Intel Mac OS X 10_15_1) AppleWebKit/537.36 (KHTML, like Gecko) Chrome/78.0.3904.108 Safari/537.36"
[2019-12-01T15:25:46.035] [ERROR] access - ::1 - - "GET /public/third_party/bootstrap/js/bootstrap.js HTTP/1.1" 404 183 "http://localhost:3000/account/login" "Mozilla/5.0 (Macintosh; Intel Mac OS X 10_15_1) AppleWebKit/537.36 (KHTML, like Gecko) Chrome/78.0.3904.108 Safari/537.36"
[2019-12-01T15:25:46.104] [ERROR] access - ::1 - - "GET /favicon.ico HTTP/1.1" 404 150 "http://localhost:3000/account/login" "Mozilla/5.0 (Macintosh; Intel Mac OS X 10_15_1) AppleWebKit/537.36 (KHTML, like Gecko) Chrome/78.0.3904.108 Safari/537.36"
